<?xml version="1.0" encoding="UTF-8"?>
<testng-results ignored="0" total="2" passed="2" failed="0" skipped="0">
  <reporter-output>
  </reporter-output>
  <suite started-at="2020-08-29T23:23:46 IST" name="Default suite" finished-at="2020-08-29T23:24:24 IST" duration-ms="38328">
    <groups>
    </groups>
    <test started-at="2020-08-29T23:23:46 IST" name="Default test" finished-at="2020-08-29T23:24:24 IST" duration-ms="38328">
      <class name="com.deviation.qa.testApi.weatherApiTest">
        <test-method is-config="true" signature="start()[pri:0, instance:com.deviation.qa.testApi.weatherApiTest@44b940a2]" started-at="2020-08-29T23:23:46 IST" name="start" finished-at="2020-08-29T23:24:17 IST" duration-ms="31670" status="PASS">
          <reporter-output>
          </reporter-output>
        </test-method> <!-- start -->
        <test-method signature="compareHumidity()[pri:0, instance:com.deviation.qa.testApi.weatherApiTest@44b940a2]" started-at="2020-08-29T23:24:17 IST" name="compareHumidity" finished-at="2020-08-29T23:24:20 IST" duration-ms="2495" status="PASS">
          <reporter-output>
          </reporter-output>
        </test-method> <!-- compareHumidity -->
        <test-method signature="compareTemp()[pri:0, instance:com.deviation.qa.testApi.weatherApiTest@44b940a2]" started-at="2020-08-29T23:24:20 IST" name="compareTemp" finished-at="2020-08-29T23:24:20 IST" duration-ms="253" status="PASS">
          <reporter-output>
          </reporter-output>
        </test-method> <!-- compareTemp -->
        <test-method is-config="true" signature="teardown()[pri:0, instance:com.deviation.qa.testApi.weatherApiTest@44b940a2]" started-at="2020-08-29T23:24:20 IST" name="teardown" finished-at="2020-08-29T23:24:24 IST" duration-ms="3864" status="PASS">
          <reporter-output>
          </reporter-output>
        </test-method> <!-- teardown -->
      </class> <!-- com.deviation.qa.testApi.weatherApiTest -->
    </test> <!-- Default test -->
  </suite> <!-- Default suite -->
</testng-results>
